{"total": {"lines":{"total":25,"covered":19,"skipped":0,"pct":76},"statements":{"total":28,"covered":20,"skipped":0,"pct":71.43},"functions":{"total":5,"covered":4,"skipped":0,"pct":80},"branches":{"total":22,"covered":6,"skipped":0,"pct":27.27}}
,"/Users/edgargagocarrillo/Desktop/Edgar/Github/keplerJS/Core/date2julian.js": {"lines":{"total":12,"covered":12,"skipped":0,"pct":100},"functions":{"total":2,"covered":2,"skipped":0,"pct":100},"statements":{"total":13,"covered":12,"skipped":0,"pct":92.31},"branches":{"total":6,"covered":5,"skipped":0,"pct":83.33}}
,"/Users/edgargagocarrillo/Desktop/Edgar/Github/keplerJS/Core/deg2rad.js": {"lines":{"total":1,"covered":1,"skipped":0,"pct":100},"functions":{"total":1,"covered":1,"skipped":0,"pct":100},"statements":{"total":2,"covered":2,"skipped":0,"pct":100},"branches":{"total":0,"covered":0,"skipped":0,"pct":100}}
,"/Users/edgargagocarrillo/Desktop/Edgar/Github/keplerJS/Core/mod.js": {"lines":{"total":1,"covered":1,"skipped":0,"pct":100},"functions":{"total":1,"covered":0,"skipped":0,"pct":0},"statements":{"total":2,"covered":1,"skipped":0,"pct":50},"branches":{"total":0,"covered":0,"skipped":0,"pct":100}}
,"/Users/edgargagocarrillo/Desktop/Edgar/Github/keplerJS/Core/obtelements.js": {"lines":{"total":11,"covered":5,"skipped":0,"pct":45.45},"functions":{"total":1,"covered":1,"skipped":0,"pct":100},"statements":{"total":11,"covered":5,"skipped":0,"pct":45.45},"branches":{"total":16,"covered":1,"skipped":0,"pct":6.25}}
}
